Determining if the pthread_create exist failed with the following output:
Change Dir: /home/ubuntu/catkin_ws/build/CMakeFiles/CMakeTmp

Run Build Command:"/usr/bin/make" "cmTC_54045/fast"
/usr/bin/make -f CMakeFiles/cmTC_54045.dir/build.make CMakeFiles/cmTC_54045.dir/build
make[1]: Entering directory '/home/ubuntu/catkin_ws/build/CMakeFiles/CMakeTmp'
Building C object CMakeFiles/cmTC_54045.dir/CheckSymbolExists.c.o
/usr/bin/cc     -o CMakeFiles/cmTC_54045.dir/CheckSymbolExists.c.o   -c /home/ubuntu/catkin_ws/build/CMakeFiles/CMakeTmp/CheckSymbolExists.c
Linking C executable cmTC_54045
/usr/bin/cmake -E cmake_link_script CMakeFiles/cmTC_54045.dir/link.txt --verbose=1
/usr/bin/cc       CMakeFiles/cmTC_54045.dir/CheckSymbolExists.c.o  -o cmTC_54045 -rdynamic 
CMakeFiles/cmTC_54045.dir/CheckSymbolExists.c.o: In function `main':
CheckSymbolExists.c:(.text+0x14): undefined reference to `pthread_create'
CheckSymbolExists.c:(.text+0x18): undefined reference to `pthread_create'
collect2: error: ld returned 1 exit status
CMakeFiles/cmTC_54045.dir/build.make:97: recipe for target 'cmTC_54045' failed
make[1]: *** [cmTC_54045] Error 1
make[1]: Leaving directory '/home/ubuntu/catkin_ws/build/CMakeFiles/CMakeTmp'
Makefile:126: recipe for target 'cmTC_54045/fast' failed
make: *** [cmTC_54045/fast] Error 2

File /home/ubuntu/catkin_ws/build/CMakeFiles/CMakeTmp/CheckSymbolExists.c:
/* */
#include <pthread.h>

int main(int argc, char** argv)
{
  (void)argv;
#ifndef pthread_create
  return ((int*)(&pthread_create))[argc];
#else
  (void)argc;
  return 0;
#endif
}

Determining if the function pthread_create exists in the pthreads failed with the following output:
Change Dir: /home/ubuntu/catkin_ws/build/CMakeFiles/CMakeTmp

Run Build Command:"/usr/bin/make" "cmTC_992da/fast"
/usr/bin/make -f CMakeFiles/cmTC_992da.dir/build.make CMakeFiles/cmTC_992da.dir/build
make[1]: Entering directory '/home/ubuntu/catkin_ws/build/CMakeFiles/CMakeTmp'
Building C object CMakeFiles/cmTC_992da.dir/CheckFunctionExists.c.o
/usr/bin/cc    -DCHECK_FUNCTION_EXISTS=pthread_create   -o CMakeFiles/cmTC_992da.dir/CheckFunctionExists.c.o   -c /usr/share/cmake-3.5/Modules/CheckFunctionExists.c
Linking C executable cmTC_992da
/usr/bin/cmake -E cmake_link_script CMakeFiles/cmTC_992da.dir/link.txt --verbose=1
/usr/bin/cc   -DCHECK_FUNCTION_EXISTS=pthread_create    CMakeFiles/cmTC_992da.dir/CheckFunctionExists.c.o  -o cmTC_992da -rdynamic -lpthreads 
/usr/bin/ld: cannot find -lpthreads
collect2: error: ld returned 1 exit status
CMakeFiles/cmTC_992da.dir/build.make:97: recipe for target 'cmTC_992da' failed
make[1]: *** [cmTC_992da] Error 1
make[1]: Leaving directory '/home/ubuntu/catkin_ws/build/CMakeFiles/CMakeTmp'
Makefile:126: recipe for target 'cmTC_992da/fast' failed
make: *** [cmTC_992da/fast] Error 2


